<?xml version="1.0" encoding="UTF-8"?>
<!-- Generated by org.testng.reporters.JUnitReportReporter -->
<testsuite skipped="0" hostname="DESKTOP-KDKBGFP" name="com.nopcommerce.demo.testsuits.TopMenuTest" tests="7" failures="0" timestamp="2021-06-13T01:30:18 BST" time="98.499" errors="0">
  <testcase name="verifyUserShouldNavigateToComputerPage" time="15.832" classname="com.nopcommerce.demo.testsuits.TopMenuTest"/>
  <system-out>
    <![CDATA[Clicking on computer linkBy.linkText: Computers<br>
Verify user navigate to computer page successfullyBy.partialLinkText: Computers<br>]]>
  </system-out>
  <testcase name="verifyUserShouldNavigateToDigitalDownloadsPage" time="12.613" classname="com.nopcommerce.demo.testsuits.TopMenuTest"/>
  <system-out>
    <![CDATA[Clicking on digital downloads linkBy.linkText: Digital downloads<br>
Verify user navigate to digitaldownloads page successfullyBy.partialLinkText: Digital downloads<br>]]>
  </system-out>
  <testcase name="verifyUserShouldNavigateToJewelrtPage" time="12.358" classname="com.nopcommerce.demo.testsuits.TopMenuTest"/>
  <system-out>
    <![CDATA[Clicking on jewelry linkBy.linkText: Jewelry<br>
Verify user navigate to jewelry page successfullyBy.partialLinkText: Jewelry<br>]]>
  </system-out>
  <testcase name="verifyUserShouldNavigateToApparelPage" time="12.977" classname="com.nopcommerce.demo.testsuits.TopMenuTest"/>
  <system-out>
    <![CDATA[Clicking on apparel linkBy.linkText: Apparel<br>
Verify user navigate to apparel page successfullyBy.partialLinkText: Apparel<br>]]>
  </system-out>
  <testcase name="verifyUserShouldNavigateToGiftCardsPage" time="17.506" classname="com.nopcommerce.demo.testsuits.TopMenuTest"/>
  <system-out>
    <![CDATA[Clicking on giftcards linkBy.linkText: Gift Cards<br>
Verify user navigate to giftcards page successfullyBy.partialLinkText: Gift Cards<br>]]>
  </system-out>
  <testcase name="verifyUserShouldNavigateToElectronicsPage" time="13.149" classname="com.nopcommerce.demo.testsuits.TopMenuTest"/>
  <system-out>
    <![CDATA[Clicking on electronics link By.linkText: Electronics<br>
Verify user navigate to electronic page successfullyBy.partialLinkText: Electronics<br>]]>
  </system-out>
  <testcase name="verifyUserShouldNavigateToBooksPage" time="14.064" classname="com.nopcommerce.demo.testsuits.TopMenuTest"/>
  <system-out>
    <![CDATA[Clicking books linkBy.linkText: Books<br>
Verify user navigate to books page successfullyBy.partialLinkText: Books<br>]]>
  </system-out>
</testsuite> <!-- com.nopcommerce.demo.testsuits.TopMenuTest -->
